Eunit: basho_stats PASSED
Eunit: bear PASSED
Eunit: bitcask PASSED
Eunit: canola PASSED
Eunit: clique PASSED
Eunit: cluster_info PASSED
Eunit: cuttlefish PASSED
Eunit: ebloom PASSED
Eunit: eleveldb PASSED
Eunit: exometer_core PASSED
Eunit: folsom PASSED
Eunit: getopt PASSED
Eunit: goldrush PASSED
Eunit: hut PASSED
Eunit: hyper PASSED
Eunit: ibrowse PASSED
Eunit: kv_index_tictactree PASSED
Eunit: lager_syslog PASSED
Eunit: leveled PASSED
Eunit: lz4 PASSED
Eunit: meck PASSED
Eunit: mochiweb PASSED
Eunit: parse_trans PASSED
Eunit: pbkdf2 PASSED
Eunit: poolboy PASSED
Eunit: protobuffs PASSED
Eunit: ranch PASSED
Eunit: recon PASSED
Eunit: redbug PASSED
Eunit: riak_api PASSED
Eunit: riak_auth_mods PASSED
Eunit: riak_core PASSED
Eunit: riak_dt PASSED
Eunit: riak_ensemble PASSED
Eunit: riak_kv PASSED
Eunit: riak_pb PASSED
Eunit: riak_pipe PASSED
Eunit: riak_repl PASSED
Eunit: riak_sysmon PASSED
Eunit: riakc PASSED
Eunit: riakhttpc PASSED
Eunit: setup PASSED
Eunit: sext PASSED
Eunit: sidejob PASSED
Eunit: syslog PASSED
Eunit: webmachine PASSED
